{"numTotalTestSuites":19,"numPassedTestSuites":0,"numFailedTestSuites":19,"numPendingTestSuites":0,"numTotalTests":40,"numPassedTests":10,"numFailedTests":30,"numPendingTests":0,"numTodoTests":0,"snapshot":{"added":0,"failure":false,"filesAdded":0,"filesRemoved":0,"filesRemovedList":[],"filesUnmatched":0,"filesUpdated":0,"matched":0,"total":0,"unchecked":0,"uncheckedKeysByFile":[],"unmatched":0,"updated":0,"didUpdate":false},"startTime":1754432426754,"success":false,"testResults":[{"assertionResults":[{"ancestorTitles":["External Integrations API Tests - Task 14","Vinted Authentication API","POST /api/v1/vinted/auth"],"fullName":"External Integrations API Tests - Task 14 Vinted Authentication API POST /api/v1/vinted/auth should store Vinted cookie successfully","status":"failed","title":"should store Vinted cookie successfully","duration":36.20499999999993,"failureMessages":["AssertionError: expected 500 to be 200 // Object.is equality\n    at F:\\Youcloud\\Documents\\Projets\\Logistix\\tests\\api\\external-integrations.test.ts:82:33\n    at file:///F:/Youcloud/Documents/Projets/Logistix/node_modules/@vitest/runner/dist/chunk-hooks.js:752:20","AssertionError: expected 500 to be 200 // Object.is equality\n    at F:\\Youcloud\\Documents\\Projets\\Logistix\\tests\\api\\external-integrations.test.ts:82:33\n    at file:///F:/Youcloud/Documents/Projets/Logistix/node_modules/@vitest/runner/dist/chunk-hooks.js:752:20","AssertionError: expected 500 to be 200 // Object.is equality\n    at F:\\Youcloud\\Documents\\Projets\\Logistix\\tests\\api\\external-integrations.test.ts:82:33\n    at file:///F:/Youcloud/Documents/Projets/Logistix/node_modules/@vitest/runner/dist/chunk-hooks.js:752:20"],"location":{"line":66,"column":7},"meta":{}},{"ancestorTitles":["External Integrations API Tests - Task 14","Vinted Authentication API","POST /api/v1/vinted/auth"],"fullName":"External Integrations API Tests - Task 14 Vinted Authentication API POST /api/v1/vinted/auth should return 400 when cookie is missing","status":"passed","title":"should return 400 when cookie is missing","duration":2.7959999999998217,"failureMessages":[],"location":{"line":88,"column":7},"meta":{}},{"ancestorTitles":["External Integrations API Tests - Task 14","Vinted Authentication API","POST /api/v1/vinted/auth"],"fullName":"External Integrations API Tests - Task 14 Vinted Authentication API POST /api/v1/vinted/auth should return 400 when cookie is invalid type","status":"passed","title":"should return 400 when cookie is invalid type","duration":3.1747999999997774,"failureMessages":[],"location":{"line":105,"column":7},"meta":{}},{"ancestorTitles":["External Integrations API Tests - Task 14","Vinted Authentication API","POST /api/v1/vinted/auth"],"fullName":"External Integrations API Tests - Task 14 Vinted Authentication API POST /api/v1/vinted/auth should handle encryption errors","status":"failed","title":"should handle encryption errors","duration":18.658699999999953,"failureMessages":["AssertionError: expected 'Erreur lors de l’enregistrement du co…' to be 'Erreur lors de l\\'enregistrement du c…' // Object.is equality\n    at F:\\Youcloud\\Documents\\Projets\\Logistix\\tests\\api\\external-integrations.test.ts:139:28\n    at file:///F:/Youcloud/Documents/Projets/Logistix/node_modules/@vitest/runner/dist/chunk-hooks.js:752:20","AssertionError: expected 'Erreur lors de l’enregistrement du co…' to be 'Erreur lors de l\\'enregistrement du c…' // Object.is equality\n    at F:\\Youcloud\\Documents\\Projets\\Logistix\\tests\\api\\external-integrations.test.ts:139:28\n    at file:///F:/Youcloud/Documents/Projets/Logistix/node_modules/@vitest/runner/dist/chunk-hooks.js:752:20","AssertionError: expected 'Erreur lors de l’enregistrement du co…' to be 'Erreur lors de l\\'enregistrement du c…' // Object.is equality\n    at F:\\Youcloud\\Documents\\Projets\\Logistix\\tests\\api\\external-integrations.test.ts:139:28\n    at file:///F:/Youcloud/Documents/Projets/Logistix/node_modules/@vitest/runner/dist/chunk-hooks.js:752:20"],"location":{"line":122,"column":7},"meta":{}},{"ancestorTitles":["External Integrations API Tests - Task 14","Vinted Authentication API","POST /api/v1/vinted/auth"],"fullName":"External Integrations API Tests - Task 14 Vinted Authentication API POST /api/v1/vinted/auth should handle database errors","status":"failed","title":"should handle database errors","duration":16.043500000000222,"failureMessages":["AssertionError: expected 'Erreur lors de l’enregistrement du co…' to be 'Erreur lors de l\\'enregistrement du c…' // Object.is equality\n    at F:\\Youcloud\\Documents\\Projets\\Logistix\\tests\\api\\external-integrations.test.ts:165:28\n    at file:///F:/Youcloud/Documents/Projets/Logistix/node_modules/@vitest/runner/dist/chunk-hooks.js:752:20","AssertionError: expected 'Erreur lors de l’enregistrement du co…' to be 'Erreur lors de l\\'enregistrement du c…' // Object.is equality\n    at F:\\Youcloud\\Documents\\Projets\\Logistix\\tests\\api\\external-integrations.test.ts:165:28\n    at file:///F:/Youcloud/Documents/Projets/Logistix/node_modules/@vitest/runner/dist/chunk-hooks.js:752:20","AssertionError: expected 'Erreur lors de l’enregistrement du co…' to be 'Erreur lors de l\\'enregistrement du c…' // Object.is equality\n    at F:\\Youcloud\\Documents\\Projets\\Logistix\\tests\\api\\external-integrations.test.ts:165:28\n    at file:///F:/Youcloud/Documents/Projets/Logistix/node_modules/@vitest/runner/dist/chunk-hooks.js:752:20"],"location":{"line":143,"column":7},"meta":{}},{"ancestorTitles":["External Integrations API Tests - Task 14","Vinted Authentication API","GET /api/v1/vinted/auth"],"fullName":"External Integrations API Tests - Task 14 Vinted Authentication API GET /api/v1/vinted/auth should validate existing session successfully","status":"failed","title":"should validate existing session successfully","duration":11.128900000000158,"failureMessages":["AssertionError: expected 500 to be 200 // Object.is equality\n    at F:\\Youcloud\\Documents\\Projets\\Logistix\\tests\\api\\external-integrations.test.ts:196:33\n    at file:///F:/Youcloud/Documents/Projets/Logistix/node_modules/@vitest/runner/dist/chunk-hooks.js:752:20","AssertionError: expected 500 to be 200 // Object.is equality\n    at F:\\Youcloud\\Documents\\Projets\\Logistix\\tests\\api\\external-integrations.test.ts:196:33\n    at file:///F:/Youcloud/Documents/Projets/Logistix/node_modules/@vitest/runner/dist/chunk-hooks.js:752:20","AssertionError: expected 500 to be 200 // Object.is equality\n    at F:\\Youcloud\\Documents\\Projets\\Logistix\\tests\\api\\external-integrations.test.ts:196:33\n    at file:///F:/Youcloud/Documents/Projets/Logistix/node_modules/@vitest/runner/dist/chunk-hooks.js:752:20"],"location":{"line":170,"column":7},"meta":{}},{"ancestorTitles":["External Integrations API Tests - Task 14","Vinted Authentication API","GET /api/v1/vinted/auth"],"fullName":"External Integrations API Tests - Task 14 Vinted Authentication API GET /api/v1/vinted/auth should return 401 when no session exists","status":"passed","title":"should return 401 when no session exists","duration":2.202400000000125,"failureMessages":[],"location":{"line":201,"column":7},"meta":{}},{"ancestorTitles":["External Integrations API Tests - Task 14","Vinted Authentication API","GET /api/v1/vinted/auth"],"fullName":"External Integrations API Tests - Task 14 Vinted Authentication API GET /api/v1/vinted/auth should refresh token when validation fails","status":"passed","title":"should refresh token when validation fails","duration":2.900499999999738,"failureMessages":[],"location":{"line":221,"column":7},"meta":{}},{"ancestorTitles":["External Integrations API Tests - Task 14","Vinted Authentication API","GET /api/v1/vinted/auth"],"fullName":"External Integrations API Tests - Task 14 Vinted Authentication API GET /api/v1/vinted/auth should handle decryption errors","status":"passed","title":"should handle decryption errors","duration":1.8564000000001215,"failureMessages":[],"location":{"line":257,"column":7},"meta":{}},{"ancestorTitles":["External Integrations API Tests - Task 14","Vinted Configuration API","GET /api/v1/vinted/configure"],"fullName":"External Integrations API Tests - Task 14 Vinted Configuration API GET /api/v1/vinted/configure should return configuration status for authenticated user","status":"failed","title":"should return configuration status for authenticated user","duration":16.33550000000014,"failureMessages":["AssertionError: expected 401 to be 200 // Object.is equality\n    at F:\\Youcloud\\Documents\\Projets\\Logistix\\tests\\api\\external-integrations.test.ts:307:33\n    at file:///F:/Youcloud/Documents/Projets/Logistix/node_modules/@vitest/runner/dist/chunk-hooks.js:752:20","AssertionError: expected 401 to be 200 // Object.is equality\n    at F:\\Youcloud\\Documents\\Projets\\Logistix\\tests\\api\\external-integrations.test.ts:307:33\n    at file:///F:/Youcloud/Documents/Projets/Logistix/node_modules/@vitest/runner/dist/chunk-hooks.js:752:20","AssertionError: expected 401 to be 200 // Object.is equality\n    at F:\\Youcloud\\Documents\\Projets\\Logistix\\tests\\api\\external-integrations.test.ts:307:33\n    at file:///F:/Youcloud/Documents/Projets/Logistix/node_modules/@vitest/runner/dist/chunk-hooks.js:752:20"],"location":{"line":285,"column":7},"meta":{}},{"ancestorTitles":["External Integrations API Tests - Task 14","Vinted Configuration API","GET /api/v1/vinted/configure"],"fullName":"External Integrations API Tests - Task 14 Vinted Configuration API GET /api/v1/vinted/configure should return requires_configuration when no session exists","status":"failed","title":"should return requires_configuration when no session exists","duration":9.881600000000162,"failureMessages":["AssertionError: expected 401 to be 200 // Object.is equality\n    at F:\\Youcloud\\Documents\\Projets\\Logistix\\tests\\api\\external-integrations.test.ts:332:33\n    at file:///F:/Youcloud/Documents/Projets/Logistix/node_modules/@vitest/runner/dist/chunk-hooks.js:752:20","AssertionError: expected 401 to be 200 // Object.is equality\n    at F:\\Youcloud\\Documents\\Projets\\Logistix\\tests\\api\\external-integrations.test.ts:332:33\n    at file:///F:/Youcloud/Documents/Projets/Logistix/node_modules/@vitest/runner/dist/chunk-hooks.js:752:20","AssertionError: expected 401 to be 200 // Object.is equality\n    at F:\\Youcloud\\Documents\\Projets\\Logistix\\tests\\api\\external-integrations.test.ts:332:33\n    at file:///F:/Youcloud/Documents/Projets/Logistix/node_modules/@vitest/runner/dist/chunk-hooks.js:752:20"],"location":{"line":315,"column":7},"meta":{}},{"ancestorTitles":["External Integrations API Tests - Task 14","Vinted Configuration API","GET /api/v1/vinted/configure"],"fullName":"External Integrations API Tests - Task 14 Vinted Configuration API GET /api/v1/vinted/configure should return 401 when user is not authenticated","status":"passed","title":"should return 401 when user is not authenticated","duration":2.4274999999997817,"failureMessages":[],"location":{"line":336,"column":7},"meta":{}},{"ancestorTitles":["External Integrations API Tests - Task 14","Vinted Configuration API","GET /api/v1/vinted/configure"],"fullName":"External Integrations API Tests - Task 14 Vinted Configuration API GET /api/v1/vinted/configure should handle database errors gracefully","status":"failed","title":"should handle database errors gracefully","duration":7.686099999999897,"failureMessages":["AssertionError: expected 401 to be 500 // Object.is equality\n    at F:\\Youcloud\\Documents\\Projets\\Logistix\\tests\\api\\external-integrations.test.ts:368:33\n    at file:///F:/Youcloud/Documents/Projets/Logistix/node_modules/@vitest/runner/dist/chunk-hooks.js:752:20","AssertionError: expected 401 to be 500 // Object.is equality\n    at F:\\Youcloud\\Documents\\Projets\\Logistix\\tests\\api\\external-integrations.test.ts:368:33\n    at file:///F:/Youcloud/Documents/Projets/Logistix/node_modules/@vitest/runner/dist/chunk-hooks.js:752:20","AssertionError: expected 401 to be 500 // Object.is equality\n    at F:\\Youcloud\\Documents\\Projets\\Logistix\\tests\\api\\external-integrations.test.ts:368:33\n    at file:///F:/Youcloud/Documents/Projets/Logistix/node_modules/@vitest/runner/dist/chunk-hooks.js:752:20"],"location":{"line":351,"column":7},"meta":{}},{"ancestorTitles":["External Integrations API Tests - Task 14","Vinted Configuration API","POST /api/v1/vinted/configure"],"fullName":"External Integrations API Tests - Task 14 Vinted Configuration API POST /api/v1/vinted/configure should configure Vinted session successfully","status":"failed","title":"should configure Vinted session successfully","duration":13.054699999999684,"failureMessages":["AssertionError: expected 401 to be 200 // Object.is equality\n    at F:\\Youcloud\\Documents\\Projets\\Logistix\\tests\\api\\external-integrations.test.ts:398:33\n    at file:///F:/Youcloud/Documents/Projets/Logistix/node_modules/@vitest/runner/dist/chunk-hooks.js:752:20","AssertionError: expected 401 to be 200 // Object.is equality\n    at F:\\Youcloud\\Documents\\Projets\\Logistix\\tests\\api\\external-integrations.test.ts:398:33\n    at file:///F:/Youcloud/Documents/Projets/Logistix/node_modules/@vitest/runner/dist/chunk-hooks.js:752:20","AssertionError: expected 401 to be 200 // Object.is equality\n    at F:\\Youcloud\\Documents\\Projets\\Logistix\\tests\\api\\external-integrations.test.ts:398:33\n    at file:///F:/Youcloud/Documents/Projets/Logistix/node_modules/@vitest/runner/dist/chunk-hooks.js:752:20"],"location":{"line":375,"column":7},"meta":{}},{"ancestorTitles":["External Integrations API Tests - Task 14","Vinted Configuration API","POST /api/v1/vinted/configure"],"fullName":"External Integrations API Tests - Task 14 Vinted Configuration API POST /api/v1/vinted/configure should return 400 when session token is missing","status":"failed","title":"should return 400 when session token is missing","duration":14.04740000000038,"failureMessages":["AssertionError: expected 401 to be 400 // Object.is equality\n    at F:\\Youcloud\\Documents\\Projets\\Logistix\\tests\\api\\external-integrations.test.ts:417:33\n    at file:///F:/Youcloud/Documents/Projets/Logistix/node_modules/@vitest/runner/dist/chunk-hooks.js:752:20","AssertionError: expected 401 to be 400 // Object.is equality\n    at F:\\Youcloud\\Documents\\Projets\\Logistix\\tests\\api\\external-integrations.test.ts:417:33\n    at file:///F:/Youcloud/Documents/Projets/Logistix/node_modules/@vitest/runner/dist/chunk-hooks.js:752:20","AssertionError: expected 401 to be 400 // Object.is equality\n    at F:\\Youcloud\\Documents\\Projets\\Logistix\\tests\\api\\external-integrations.test.ts:417:33\n    at file:///F:/Youcloud/Documents/Projets/Logistix/node_modules/@vitest/runner/dist/chunk-hooks.js:752:20"],"location":{"line":404,"column":7},"meta":{}},{"ancestorTitles":["External Integrations API Tests - Task 14","Vinted Configuration API","POST /api/v1/vinted/configure"],"fullName":"External Integrations API Tests - Task 14 Vinted Configuration API POST /api/v1/vinted/configure should return 401 when user is not authenticated","status":"passed","title":"should return 401 when user is not authenticated","duration":2.58849999999984,"failureMessages":[],"location":{"line":421,"column":7},"meta":{}},{"ancestorTitles":["External Integrations API Tests - Task 14","Vinted Configuration API","POST /api/v1/vinted/configure"],"fullName":"External Integrations API Tests - Task 14 Vinted Configuration API POST /api/v1/vinted/configure should handle encryption errors","status":"failed","title":"should handle encryption errors","duration":12.39930000000004,"failureMessages":["AssertionError: expected 401 to be 500 // Object.is equality\n    at F:\\Youcloud\\Documents\\Projets\\Logistix\\tests\\api\\external-integrations.test.ts:456:33\n    at file:///F:/Youcloud/Documents/Projets/Logistix/node_modules/@vitest/runner/dist/chunk-hooks.js:752:20","AssertionError: expected 401 to be 500 // Object.is equality\n    at F:\\Youcloud\\Documents\\Projets\\Logistix\\tests\\api\\external-integrations.test.ts:456:33\n    at file:///F:/Youcloud/Documents/Projets/Logistix/node_modules/@vitest/runner/dist/chunk-hooks.js:752:20","AssertionError: expected 401 to be 500 // Object.is equality\n    at F:\\Youcloud\\Documents\\Projets\\Logistix\\tests\\api\\external-integrations.test.ts:456:33\n    at file:///F:/Youcloud/Documents/Projets/Logistix/node_modules/@vitest/runner/dist/chunk-hooks.js:752:20"],"location":{"line":440,"column":7},"meta":{}},{"ancestorTitles":["External Integrations API Tests - Task 14","Vinted Configuration API","POST /api/v1/vinted/configure"],"fullName":"External Integrations API Tests - Task 14 Vinted Configuration API POST /api/v1/vinted/configure should handle database transaction errors","status":"failed","title":"should handle database transaction errors","duration":14.357500000000073,"failureMessages":["AssertionError: expected 401 to be 500 // Object.is equality\n    at F:\\Youcloud\\Documents\\Projets\\Logistix\\tests\\api\\external-integrations.test.ts:478:33\n    at file:///F:/Youcloud/Documents/Projets/Logistix/node_modules/@vitest/runner/dist/chunk-hooks.js:752:20","AssertionError: expected 401 to be 500 // Object.is equality\n    at F:\\Youcloud\\Documents\\Projets\\Logistix\\tests\\api\\external-integrations.test.ts:478:33\n    at file:///F:/Youcloud/Documents/Projets/Logistix/node_modules/@vitest/runner/dist/chunk-hooks.js:752:20","AssertionError: expected 401 to be 500 // Object.is equality\n    at F:\\Youcloud\\Documents\\Projets\\Logistix\\tests\\api\\external-integrations.test.ts:478:33\n    at file:///F:/Youcloud/Documents/Projets/Logistix/node_modules/@vitest/runner/dist/chunk-hooks.js:752:20"],"location":{"line":461,"column":7},"meta":{}},{"ancestorTitles":["External Integrations API Tests - Task 14","Vinted Configuration API","POST /api/v1/vinted/configure"],"fullName":"External Integrations API Tests - Task 14 Vinted Configuration API POST /api/v1/vinted/configure should handle session refresh errors","status":"failed","title":"should handle session refresh errors","duration":14.92869999999948,"failureMessages":["AssertionError: expected 401 to be 500 // Object.is equality\n    at F:\\Youcloud\\Documents\\Projets\\Logistix\\tests\\api\\external-integrations.test.ts:500:33\n    at file:///F:/Youcloud/Documents/Projets/Logistix/node_modules/@vitest/runner/dist/chunk-hooks.js:752:20","AssertionError: expected 401 to be 500 // Object.is equality\n    at F:\\Youcloud\\Documents\\Projets\\Logistix\\tests\\api\\external-integrations.test.ts:500:33\n    at file:///F:/Youcloud/Documents/Projets/Logistix/node_modules/@vitest/runner/dist/chunk-hooks.js:752:20","AssertionError: expected 401 to be 500 // Object.is equality\n    at F:\\Youcloud\\Documents\\Projets\\Logistix\\tests\\api\\external-integrations.test.ts:500:33\n    at file:///F:/Youcloud/Documents/Projets/Logistix/node_modules/@vitest/runner/dist/chunk-hooks.js:752:20"],"location":{"line":483,"column":7},"meta":{}},{"ancestorTitles":["External Integrations API Tests - Task 14","Vinted Configuration API","DELETE /api/v1/vinted/configure"],"fullName":"External Integrations API Tests - Task 14 Vinted Configuration API DELETE /api/v1/vinted/configure should delete Vinted configuration successfully","status":"failed","title":"should delete Vinted configuration successfully","duration":18.79189999999926,"failureMessages":["AssertionError: expected 401 to be 200 // Object.is equality\n    at F:\\Youcloud\\Documents\\Projets\\Logistix\\tests\\api\\external-integrations.test.ts:518:33\n    at file:///F:/Youcloud/Documents/Projets/Logistix/node_modules/@vitest/runner/dist/chunk-hooks.js:752:20","AssertionError: expected 401 to be 200 // Object.is equality\n    at F:\\Youcloud\\Documents\\Projets\\Logistix\\tests\\api\\external-integrations.test.ts:518:33\n    at file:///F:/Youcloud/Documents/Projets/Logistix/node_modules/@vitest/runner/dist/chunk-hooks.js:752:20","AssertionError: expected 401 to be 200 // Object.is equality\n    at F:\\Youcloud\\Documents\\Projets\\Logistix\\tests\\api\\external-integrations.test.ts:518:33\n    at file:///F:/Youcloud/Documents/Projets/Logistix/node_modules/@vitest/runner/dist/chunk-hooks.js:752:20"],"location":{"line":507,"column":7},"meta":{}},{"ancestorTitles":["External Integrations API Tests - Task 14","Vinted Configuration API","DELETE /api/v1/vinted/configure"],"fullName":"External Integrations API Tests - Task 14 Vinted Configuration API DELETE /api/v1/vinted/configure should return 401 when user is not authenticated","status":"passed","title":"should return 401 when user is not authenticated","duration":5.7193999999999505,"failureMessages":[],"location":{"line":523,"column":7},"meta":{}},{"ancestorTitles":["External Integrations API Tests - Task 14","Vinted Configuration API","DELETE /api/v1/vinted/configure"],"fullName":"External Integrations API Tests - Task 14 Vinted Configuration API DELETE /api/v1/vinted/configure should handle database deletion errors","status":"failed","title":"should handle database deletion errors","duration":43.33569999999963,"failureMessages":["AssertionError: expected 401 to be 500 // Object.is equality\n    at F:\\Youcloud\\Documents\\Projets\\Logistix\\tests\\api\\external-integrations.test.ts:555:33\n    at file:///F:/Youcloud/Documents/Projets/Logistix/node_modules/@vitest/runner/dist/chunk-hooks.js:752:20","AssertionError: expected 401 to be 500 // Object.is equality\n    at F:\\Youcloud\\Documents\\Projets\\Logistix\\tests\\api\\external-integrations.test.ts:555:33\n    at file:///F:/Youcloud/Documents/Projets/Logistix/node_modules/@vitest/runner/dist/chunk-hooks.js:752:20","AssertionError: expected 401 to be 500 // Object.is equality\n    at F:\\Youcloud\\Documents\\Projets\\Logistix\\tests\\api\\external-integrations.test.ts:555:33\n    at file:///F:/Youcloud/Documents/Projets/Logistix/node_modules/@vitest/runner/dist/chunk-hooks.js:752:20"],"location":{"line":540,"column":7},"meta":{}},{"ancestorTitles":["External Integrations API Tests - Task 14","External API Error Handling","Network Error Scenarios"],"fullName":"External Integrations API Tests - Task 14 External API Error Handling Network Error Scenarios should handle connection timeout errors","status":"failed","title":"should handle connection timeout errors","duration":14.843600000000151,"failureMessages":["AssertionError: expected 401 to be 500 // Object.is equality\n    at F:\\Youcloud\\Documents\\Projets\\Logistix\\tests\\api\\external-integrations.test.ts:583:33\n    at file:///F:/Youcloud/Documents/Projets/Logistix/node_modules/@vitest/runner/dist/chunk-hooks.js:752:20","AssertionError: expected 401 to be 500 // Object.is equality\n    at F:\\Youcloud\\Documents\\Projets\\Logistix\\tests\\api\\external-integrations.test.ts:583:33\n    at file:///F:/Youcloud/Documents/Projets/Logistix/node_modules/@vitest/runner/dist/chunk-hooks.js:752:20","AssertionError: expected 401 to be 500 // Object.is equality\n    at F:\\Youcloud\\Documents\\Projets\\Logistix\\tests\\api\\external-integrations.test.ts:583:33\n    at file:///F:/Youcloud/Documents/Projets/Logistix/node_modules/@vitest/runner/dist/chunk-hooks.js:752:20"],"location":{"line":564,"column":7},"meta":{}},{"ancestorTitles":["External Integrations API Tests - Task 14","External API Error Handling","Network Error Scenarios"],"fullName":"External Integrations API Tests - Task 14 External API Error Handling Network Error Scenarios should handle DNS resolution errors","status":"failed","title":"should handle DNS resolution errors","duration":16.56670000000031,"failureMessages":["AssertionError: expected 401 to be 500 // Object.is equality\n    at F:\\Youcloud\\Documents\\Projets\\Logistix\\tests\\api\\external-integrations.test.ts:607:33\n    at file:///F:/Youcloud/Documents/Projets/Logistix/node_modules/@vitest/runner/dist/chunk-hooks.js:752:20","AssertionError: expected 401 to be 500 // Object.is equality\n    at F:\\Youcloud\\Documents\\Projets\\Logistix\\tests\\api\\external-integrations.test.ts:607:33\n    at file:///F:/Youcloud/Documents/Projets/Logistix/node_modules/@vitest/runner/dist/chunk-hooks.js:752:20","AssertionError: expected 401 to be 500 // Object.is equality\n    at F:\\Youcloud\\Documents\\Projets\\Logistix\\tests\\api\\external-integrations.test.ts:607:33\n    at file:///F:/Youcloud/Documents/Projets/Logistix/node_modules/@vitest/runner/dist/chunk-hooks.js:752:20"],"location":{"line":588,"column":7},"meta":{}},{"ancestorTitles":["External Integrations API Tests - Task 14","External API Error Handling","Network Error Scenarios"],"fullName":"External Integrations API Tests - Task 14 External API Error Handling Network Error Scenarios should handle SSL certificate errors","status":"failed","title":"should handle SSL certificate errors","duration":13.408300000000054,"failureMessages":["AssertionError: expected 401 to be 500 // Object.is equality\n    at F:\\Youcloud\\Documents\\Projets\\Logistix\\tests\\api\\external-integrations.test.ts:631:33\n    at file:///F:/Youcloud/Documents/Projets/Logistix/node_modules/@vitest/runner/dist/chunk-hooks.js:752:20","AssertionError: expected 401 to be 500 // Object.is equality\n    at F:\\Youcloud\\Documents\\Projets\\Logistix\\tests\\api\\external-integrations.test.ts:631:33\n    at file:///F:/Youcloud/Documents/Projets/Logistix/node_modules/@vitest/runner/dist/chunk-hooks.js:752:20","AssertionError: expected 401 to be 500 // Object.is equality\n    at F:\\Youcloud\\Documents\\Projets\\Logistix\\tests\\api\\external-integrations.test.ts:631:33\n    at file:///F:/Youcloud/Documents/Projets/Logistix/node_modules/@vitest/runner/dist/chunk-hooks.js:752:20"],"location":{"line":612,"column":7},"meta":{}},{"ancestorTitles":["External Integrations API Tests - Task 14","External API Error Handling","HTTP Error Scenarios"],"fullName":"External Integrations API Tests - Task 14 External API Error Handling HTTP Error Scenarios should handle 401 Unauthorized errors","status":"passed","title":"should handle 401 Unauthorized errors","duration":4.734400000000278,"failureMessages":[],"location":{"line":638,"column":7},"meta":{}},{"ancestorTitles":["External Integrations API Tests - Task 14","External API Error Handling","HTTP Error Scenarios"],"fullName":"External Integrations API Tests - Task 14 External API Error Handling HTTP Error Scenarios should handle 429 Rate Limit errors","status":"failed","title":"should handle 429 Rate Limit errors","duration":19.734400000000278,"failureMessages":["AssertionError: expected 401 to be 500 // Object.is equality\n    at F:\\Youcloud\\Documents\\Projets\\Logistix\\tests\\api\\external-integrations.test.ts:691:33\n    at file:///F:/Youcloud/Documents/Projets/Logistix/node_modules/@vitest/runner/dist/chunk-hooks.js:752:20","AssertionError: expected 401 to be 500 // Object.is equality\n    at F:\\Youcloud\\Documents\\Projets\\Logistix\\tests\\api\\external-integrations.test.ts:691:33\n    at file:///F:/Youcloud/Documents/Projets/Logistix/node_modules/@vitest/runner/dist/chunk-hooks.js:752:20","AssertionError: expected 401 to be 500 // Object.is equality\n    at F:\\Youcloud\\Documents\\Projets\\Logistix\\tests\\api\\external-integrations.test.ts:691:33\n    at file:///F:/Youcloud/Documents/Projets/Logistix/node_modules/@vitest/runner/dist/chunk-hooks.js:752:20"],"location":{"line":671,"column":7},"meta":{}},{"ancestorTitles":["External Integrations API Tests - Task 14","External API Error Handling","HTTP Error Scenarios"],"fullName":"External Integrations API Tests - Task 14 External API Error Handling HTTP Error Scenarios should handle 503 Service Unavailable errors","status":"failed","title":"should handle 503 Service Unavailable errors","duration":20.04360000000088,"failureMessages":["AssertionError: expected 401 to be 500 // Object.is equality\n    at F:\\Youcloud\\Documents\\Projets\\Logistix\\tests\\api\\external-integrations.test.ts:716:33\n    at file:///F:/Youcloud/Documents/Projets/Logistix/node_modules/@vitest/runner/dist/chunk-hooks.js:752:20","AssertionError: expected 401 to be 500 // Object.is equality\n    at F:\\Youcloud\\Documents\\Projets\\Logistix\\tests\\api\\external-integrations.test.ts:716:33\n    at file:///F:/Youcloud/Documents/Projets/Logistix/node_modules/@vitest/runner/dist/chunk-hooks.js:752:20","AssertionError: expected 401 to be 500 // Object.is equality\n    at F:\\Youcloud\\Documents\\Projets\\Logistix\\tests\\api\\external-integrations.test.ts:716:33\n    at file:///F:/Youcloud/Documents/Projets/Logistix/node_modules/@vitest/runner/dist/chunk-hooks.js:752:20"],"location":{"line":696,"column":7},"meta":{}},{"ancestorTitles":["External Integrations API Tests - Task 14","External API Error Handling","Data Validation Errors"],"fullName":"External Integrations API Tests - Task 14 External API Error Handling Data Validation Errors should handle malformed JSON in request body","status":"failed","title":"should handle malformed JSON in request body","duration":17.002300000000105,"failureMessages":["AssertionError: expected 401 to be 500 // Object.is equality\n    at F:\\Youcloud\\Documents\\Projets\\Logistix\\tests\\api\\external-integrations.test.ts:736:33\n    at file:///F:/Youcloud/Documents/Projets/Logistix/node_modules/@vitest/runner/dist/chunk-hooks.js:752:20","AssertionError: expected 401 to be 500 // Object.is equality\n    at F:\\Youcloud\\Documents\\Projets\\Logistix\\tests\\api\\external-integrations.test.ts:736:33\n    at file:///F:/Youcloud/Documents/Projets/Logistix/node_modules/@vitest/runner/dist/chunk-hooks.js:752:20","AssertionError: expected 401 to be 500 // Object.is equality\n    at F:\\Youcloud\\Documents\\Projets\\Logistix\\tests\\api\\external-integrations.test.ts:736:33\n    at file:///F:/Youcloud/Documents/Projets/Logistix/node_modules/@vitest/runner/dist/chunk-hooks.js:752:20"],"location":{"line":723,"column":7},"meta":{}},{"ancestorTitles":["External Integrations API Tests - Task 14","External API Error Handling","Data Validation Errors"],"fullName":"External Integrations API Tests - Task 14 External API Error Handling Data Validation Errors should handle missing Content-Type header","status":"failed","title":"should handle missing Content-Type header","duration":17.950300000000425,"failureMessages":["AssertionError: expected 401 to be 200 // Object.is equality\n    at F:\\Youcloud\\Documents\\Projets\\Logistix\\tests\\api\\external-integrations.test.ts:752:33\n    at file:///F:/Youcloud/Documents/Projets/Logistix/node_modules/@vitest/runner/dist/chunk-hooks.js:752:20","AssertionError: expected 401 to be 200 // Object.is equality\n    at F:\\Youcloud\\Documents\\Projets\\Logistix\\tests\\api\\external-integrations.test.ts:752:33\n    at file:///F:/Youcloud/Documents/Projets/Logistix/node_modules/@vitest/runner/dist/chunk-hooks.js:752:20","AssertionError: expected 401 to be 200 // Object.is equality\n    at F:\\Youcloud\\Documents\\Projets\\Logistix\\tests\\api\\external-integrations.test.ts:752:33\n    at file:///F:/Youcloud/Documents/Projets/Logistix/node_modules/@vitest/runner/dist/chunk-hooks.js:752:20"],"location":{"line":740,"column":7},"meta":{}},{"ancestorTitles":["External Integrations API Tests - Task 14","External API Error Handling","Data Validation Errors"],"fullName":"External Integrations API Tests - Task 14 External API Error Handling Data Validation Errors should handle empty request body","status":"failed","title":"should handle empty request body","duration":26.73829999999998,"failureMessages":["AssertionError: expected 401 to be 500 // Object.is equality\n    at F:\\Youcloud\\Documents\\Projets\\Logistix\\tests\\api\\external-integrations.test.ts:768:33\n    at file:///F:/Youcloud/Documents/Projets/Logistix/node_modules/@vitest/runner/dist/chunk-hooks.js:752:20","AssertionError: expected 401 to be 500 // Object.is equality\n    at F:\\Youcloud\\Documents\\Projets\\Logistix\\tests\\api\\external-integrations.test.ts:768:33\n    at file:///F:/Youcloud/Documents/Projets/Logistix/node_modules/@vitest/runner/dist/chunk-hooks.js:752:20","AssertionError: expected 401 to be 500 // Object.is equality\n    at F:\\Youcloud\\Documents\\Projets\\Logistix\\tests\\api\\external-integrations.test.ts:768:33\n    at file:///F:/Youcloud/Documents/Projets/Logistix/node_modules/@vitest/runner/dist/chunk-hooks.js:752:20"],"location":{"line":755,"column":7},"meta":{}},{"ancestorTitles":["External Integrations API Tests - Task 14","Integration Performance Tests","Response Time Tests"],"fullName":"External Integrations API Tests - Task 14 Integration Performance Tests Response Time Tests should respond to configuration requests within acceptable time","status":"failed","title":"should respond to configuration requests within acceptable time","duration":14.211299999999937,"failureMessages":["AssertionError: expected 401 to be 200 // Object.is equality\n    at F:\\Youcloud\\Documents\\Projets\\Logistix\\tests\\api\\external-integrations.test.ts:801:33\n    at file:///F:/Youcloud/Documents/Projets/Logistix/node_modules/@vitest/runner/dist/chunk-hooks.js:752:20","AssertionError: expected 401 to be 200 // Object.is equality\n    at F:\\Youcloud\\Documents\\Projets\\Logistix\\tests\\api\\external-integrations.test.ts:801:33\n    at file:///F:/Youcloud/Documents/Projets/Logistix/node_modules/@vitest/runner/dist/chunk-hooks.js:752:20","AssertionError: expected 401 to be 200 // Object.is equality\n    at F:\\Youcloud\\Documents\\Projets\\Logistix\\tests\\api\\external-integrations.test.ts:801:33\n    at file:///F:/Youcloud/Documents/Projets/Logistix/node_modules/@vitest/runner/dist/chunk-hooks.js:752:20"],"location":{"line":776,"column":7},"meta":{}},{"ancestorTitles":["External Integrations API Tests - Task 14","Integration Performance Tests","Response Time Tests"],"fullName":"External Integrations API Tests - Task 14 Integration Performance Tests Response Time Tests should handle concurrent configuration requests","status":"failed","title":"should handle concurrent configuration requests","duration":30.52480000000014,"failureMessages":["AssertionError: expected 401 to be 200 // Object.is equality\n    at F:\\Youcloud\\Documents\\Projets\\Logistix\\tests\\api\\external-integrations.test.ts:833:35\n    at Array.forEach (<anonymous>)\n    at F:\\Youcloud\\Documents\\Projets\\Logistix\\tests\\api\\external-integrations.test.ts:832:19\n    at file:///F:/Youcloud/Documents/Projets/Logistix/node_modules/@vitest/runner/dist/chunk-hooks.js:752:20","AssertionError: expected 401 to be 200 // Object.is equality\n    at F:\\Youcloud\\Documents\\Projets\\Logistix\\tests\\api\\external-integrations.test.ts:833:35\n    at Array.forEach (<anonymous>)\n    at F:\\Youcloud\\Documents\\Projets\\Logistix\\tests\\api\\external-integrations.test.ts:832:19\n    at file:///F:/Youcloud/Documents/Projets/Logistix/node_modules/@vitest/runner/dist/chunk-hooks.js:752:20","AssertionError: expected 401 to be 200 // Object.is equality\n    at F:\\Youcloud\\Documents\\Projets\\Logistix\\tests\\api\\external-integrations.test.ts:833:35\n    at Array.forEach (<anonymous>)\n    at F:\\Youcloud\\Documents\\Projets\\Logistix\\tests\\api\\external-integrations.test.ts:832:19\n    at file:///F:/Youcloud/Documents/Projets/Logistix/node_modules/@vitest/runner/dist/chunk-hooks.js:752:20"],"location":{"line":805,"column":7},"meta":{}},{"ancestorTitles":["External Integrations API Tests - Task 14","Integration Performance Tests","Memory Usage Tests"],"fullName":"External Integrations API Tests - Task 14 Integration Performance Tests Memory Usage Tests should handle large session tokens without memory issues","status":"failed","title":"should handle large session tokens without memory issues","duration":19.801100000000588,"failureMessages":["AssertionError: expected 401 to be 200 // Object.is equality\n    at F:\\Youcloud\\Documents\\Projets\\Logistix\\tests\\api\\external-integrations.test.ts:863:33\n    at file:///F:/Youcloud/Documents/Projets/Logistix/node_modules/@vitest/runner/dist/chunk-hooks.js:752:20","AssertionError: expected 401 to be 200 // Object.is equality\n    at F:\\Youcloud\\Documents\\Projets\\Logistix\\tests\\api\\external-integrations.test.ts:863:33\n    at file:///F:/Youcloud/Documents/Projets/Logistix/node_modules/@vitest/runner/dist/chunk-hooks.js:752:20","AssertionError: expected 401 to be 200 // Object.is equality\n    at F:\\Youcloud\\Documents\\Projets\\Logistix\\tests\\api\\external-integrations.test.ts:863:33\n    at file:///F:/Youcloud/Documents/Projets/Logistix/node_modules/@vitest/runner/dist/chunk-hooks.js:752:20"],"location":{"line":843,"column":7},"meta":{}},{"ancestorTitles":["External Integrations API Tests - Task 14","Integration Performance Tests","Memory Usage Tests"],"fullName":"External Integrations API Tests - Task 14 Integration Performance Tests Memory Usage Tests should handle multiple large requests sequentially","status":"failed","title":"should handle multiple large requests sequentially","duration":19.445200000000114,"failureMessages":["AssertionError: expected 401 to be 200 // Object.is equality\n    at F:\\Youcloud\\Documents\\Projets\\Logistix\\tests\\api\\external-integrations.test.ts:894:35\n    at file:///F:/Youcloud/Documents/Projets/Logistix/node_modules/@vitest/runner/dist/chunk-hooks.js:752:20","AssertionError: expected 401 to be 200 // Object.is equality\n    at F:\\Youcloud\\Documents\\Projets\\Logistix\\tests\\api\\external-integrations.test.ts:894:35\n    at file:///F:/Youcloud/Documents/Projets/Logistix/node_modules/@vitest/runner/dist/chunk-hooks.js:752:20","AssertionError: expected 401 to be 200 // Object.is equality\n    at F:\\Youcloud\\Documents\\Projets\\Logistix\\tests\\api\\external-integrations.test.ts:894:35\n    at file:///F:/Youcloud/Documents/Projets/Logistix/node_modules/@vitest/runner/dist/chunk-hooks.js:752:20"],"location":{"line":868,"column":7},"meta":{}},{"ancestorTitles":["External Integrations API Tests - Task 14","Security Tests","Input Validation"],"fullName":"External Integrations API Tests - Task 14 Security Tests Input Validation should sanitize session token input","status":"failed","title":"should sanitize session token input","duration":27.285899999999856,"failureMessages":["AssertionError: expected 401 to be 200 // Object.is equality\n    at F:\\Youcloud\\Documents\\Projets\\Logistix\\tests\\api\\external-integrations.test.ts:923:33\n    at file:///F:/Youcloud/Documents/Projets/Logistix/node_modules/@vitest/runner/dist/chunk-hooks.js:752:20","AssertionError: expected 401 to be 200 // Object.is equality\n    at F:\\Youcloud\\Documents\\Projets\\Logistix\\tests\\api\\external-integrations.test.ts:923:33\n    at file:///F:/Youcloud/Documents/Projets/Logistix/node_modules/@vitest/runner/dist/chunk-hooks.js:752:20","AssertionError: expected 401 to be 200 // Object.is equality\n    at F:\\Youcloud\\Documents\\Projets\\Logistix\\tests\\api\\external-integrations.test.ts:923:33\n    at file:///F:/Youcloud/Documents/Projets/Logistix/node_modules/@vitest/runner/dist/chunk-hooks.js:752:20"],"location":{"line":903,"column":7},"meta":{}},{"ancestorTitles":["External Integrations API Tests - Task 14","Security Tests","Input Validation"],"fullName":"External Integrations API Tests - Task 14 Security Tests Input Validation should handle SQL injection attempts in session tokens","status":"failed","title":"should handle SQL injection attempts in session tokens","duration":40.21560000000045,"failureMessages":["AssertionError: expected 401 to be 200 // Object.is equality\n    at F:\\Youcloud\\Documents\\Projets\\Logistix\\tests\\api\\external-integrations.test.ts:948:33\n    at file:///F:/Youcloud/Documents/Projets/Logistix/node_modules/@vitest/runner/dist/chunk-hooks.js:752:20","AssertionError: expected 401 to be 200 // Object.is equality\n    at F:\\Youcloud\\Documents\\Projets\\Logistix\\tests\\api\\external-integrations.test.ts:948:33\n    at file:///F:/Youcloud/Documents/Projets/Logistix/node_modules/@vitest/runner/dist/chunk-hooks.js:752:20","AssertionError: expected 401 to be 200 // Object.is equality\n    at F:\\Youcloud\\Documents\\Projets\\Logistix\\tests\\api\\external-integrations.test.ts:948:33\n    at file:///F:/Youcloud/Documents/Projets/Logistix/node_modules/@vitest/runner/dist/chunk-hooks.js:752:20"],"location":{"line":928,"column":7},"meta":{}},{"ancestorTitles":["External Integrations API Tests - Task 14","Security Tests","Input Validation"],"fullName":"External Integrations API Tests - Task 14 Security Tests Input Validation should reject excessively long session tokens","status":"failed","title":"should reject excessively long session tokens","duration":68.96160000000054,"failureMessages":["AssertionError: expected [ 200, 400, 413, 500 ] to include 401\n    at Proxy.<anonymous> (file:///F:/Youcloud/Documents/Projets/Logistix/node_modules/@vitest/expect/dist/index.js:1191:15)\n    at Proxy.<anonymous> (file:///F:/Youcloud/Documents/Projets/Logistix/node_modules/@vitest/expect/dist/index.js:1029:14)\n    at Proxy.methodWrapper (file:///F:/Youcloud/Documents/Projets/Logistix/node_modules/chai/chai.js:1706:25)\n    at F:\\Youcloud\\Documents\\Projets\\Logistix\\tests\\api\\external-integrations.test.ts:968:38\n    at file:///F:/Youcloud/Documents/Projets/Logistix/node_modules/@vitest/runner/dist/chunk-hooks.js:752:20","AssertionError: expected [ 200, 400, 413, 500 ] to include 401\n    at Proxy.<anonymous> (file:///F:/Youcloud/Documents/Projets/Logistix/node_modules/@vitest/expect/dist/index.js:1191:15)\n    at Proxy.<anonymous> (file:///F:/Youcloud/Documents/Projets/Logistix/node_modules/@vitest/expect/dist/index.js:1029:14)\n    at Proxy.methodWrapper (file:///F:/Youcloud/Documents/Projets/Logistix/node_modules/chai/chai.js:1706:25)\n    at F:\\Youcloud\\Documents\\Projets\\Logistix\\tests\\api\\external-integrations.test.ts:968:38\n    at file:///F:/Youcloud/Documents/Projets/Logistix/node_modules/@vitest/runner/dist/chunk-hooks.js:752:20","AssertionError: expected [ 200, 400, 413, 500 ] to include 401\n    at Proxy.<anonymous> (file:///F:/Youcloud/Documents/Projets/Logistix/node_modules/@vitest/expect/dist/index.js:1191:15)\n    at Proxy.<anonymous> (file:///F:/Youcloud/Documents/Projets/Logistix/node_modules/@vitest/expect/dist/index.js:1029:14)\n    at Proxy.methodWrapper (file:///F:/Youcloud/Documents/Projets/Logistix/node_modules/chai/chai.js:1706:25)\n    at F:\\Youcloud\\Documents\\Projets\\Logistix\\tests\\api\\external-integrations.test.ts:968:38\n    at file:///F:/Youcloud/Documents/Projets/Logistix/node_modules/@vitest/runner/dist/chunk-hooks.js:752:20"],"location":{"line":953,"column":7},"meta":{}},{"ancestorTitles":["External Integrations API Tests - Task 14","Security Tests","Authentication Security"],"fullName":"External Integrations API Tests - Task 14 Security Tests Authentication Security should not expose sensitive information in error messages","status":"failed","title":"should not expose sensitive information in error messages","duration":39.32340000000022,"failureMessages":["AssertionError: expected 401 to be 500 // Object.is equality\n    at F:\\Youcloud\\Documents\\Projets\\Logistix\\tests\\api\\external-integrations.test.ts:991:33\n    at file:///F:/Youcloud/Documents/Projets/Logistix/node_modules/@vitest/runner/dist/chunk-hooks.js:752:20","AssertionError: expected 401 to be 500 // Object.is equality\n    at F:\\Youcloud\\Documents\\Projets\\Logistix\\tests\\api\\external-integrations.test.ts:991:33\n    at file:///F:/Youcloud/Documents/Projets/Logistix/node_modules/@vitest/runner/dist/chunk-hooks.js:752:20","AssertionError: expected 401 to be 500 // Object.is equality\n    at F:\\Youcloud\\Documents\\Projets\\Logistix\\tests\\api\\external-integrations.test.ts:991:33\n    at file:///F:/Youcloud/Documents/Projets/Logistix/node_modules/@vitest/runner/dist/chunk-hooks.js:752:20"],"location":{"line":973,"column":7},"meta":{}},{"ancestorTitles":["External Integrations API Tests - Task 14","Security Tests","Authentication Security"],"fullName":"External Integrations API Tests - Task 14 Security Tests Authentication Security should validate user session before allowing configuration","status":"passed","title":"should validate user session before allowing configuration","duration":24.996399999999994,"failureMessages":[],"location":{"line":997,"column":7},"meta":{}}],"startTime":1754432429747,"endTime":1754432430454.9963,"status":"failed","message":"","name":"F:/Youcloud/Documents/Projets/Logistix/tests/api/external-integrations.test.ts"}]}